<?xml version="1.0" encoding="UTF-8"?>
<!-- Generated by org.testng.reporters.JUnitReportReporter -->
<testsuite hostname="brady-Inspiron-N5010" failures="0" tests="1" name="registrationLogin.Registration_LoginTest" time="0.331" errors="0" timestamp="2022-06-20T16:57:41 PDT" skipped="0">
  <testcase classname="registrationLogin.Registration_LoginTest" name="testRegistrationSuccessful" time="0.331"/>
  <system-out/>
</testsuite> <!-- registrationLogin.Registration_LoginTest -->
