<?xml version="1.0" encoding="UTF-8"?>
<!-- Generated by org.testng.reporters.JUnitReportReporter -->
<testsuite hostname="brady-Inspiron-N5010" failures="0" tests="1" name="org.example.AppTest" time="0.016" errors="0" timestamp="2022-06-20T16:57:41 PDT" skipped="0">
  <testcase classname="org.example.AppTest" name="shouldAnswerWithTrue" time="0.016"/>
  <system-out/>
</testsuite> <!-- org.example.AppTest -->
