<?xml version="1.0" encoding="UTF-8"?>
<!-- Generated by org.testng.reporters.JUnitReportReporter -->
<testsuite hostname="brady-Inspiron-N5010" failures="0" tests="1" name="org.example.AppTest" time="0.057" errors="0" timestamp="2022-06-15T12:22:36 PDT" skipped="0">
  <testcase classname="org.example.AppTest" name="shouldAnswerWithTrue" time="0.057"/>
  <system-out/>
</testsuite> <!-- org.example.AppTest -->
